<?xml version="1.0" encoding="UTF-8"?>
<!-- Generated by org.testng.reporters.JUnitReportReporter -->
<testsuite hostname="LAPTOP-39OLKCEM" failures="0" tests="1" name="com.inetbanking.testcases.Tc_LoginTest_001" time="4.911" errors="0" timestamp="2021-08-09T09:48:03 IST" skipped="0">
  <testcase classname="com.inetbanking.testcases.Tc_LoginTest_001" name="loginTest" time="4.911"/>
  <system-out/>
</testsuite> <!-- com.inetbanking.testcases.Tc_LoginTest_001 -->
